[2023-11-27 19:56:09,962] INFO [ControllerEventThread controllerId=0] Starting (kafka.controller.ControllerEventManager$ControllerEventThread)
[2023-11-27 19:56:09,987] INFO [Controller id=0] 0 successfully elected as the controller. Epoch incremented to 1 and epoch zk version is now 1 (kafka.controller.KafkaController)
[2023-11-27 19:56:09,990] INFO [Controller id=0] Creating FeatureZNode at path: /feature with contents: FeatureZNode(2,Enabled,Map()) (kafka.controller.KafkaController)
[2023-11-27 19:56:10,019] INFO [Controller id=0] Registering handlers (kafka.controller.KafkaController)
[2023-11-27 19:56:10,022] INFO [Controller id=0] Deleting log dir event notifications (kafka.controller.KafkaController)
[2023-11-27 19:56:10,024] INFO [Controller id=0] Deleting isr change notifications (kafka.controller.KafkaController)
[2023-11-27 19:56:10,027] INFO [Controller id=0] Initializing controller context (kafka.controller.KafkaController)
[2023-11-27 19:56:10,042] INFO [Controller id=0] Initialized broker epochs cache: HashMap(0 -> 25) (kafka.controller.KafkaController)
[2023-11-27 19:56:10,048] DEBUG [Controller id=0] Register BrokerModifications handler for Set(0) (kafka.controller.KafkaController)
[2023-11-27 19:56:10,055] DEBUG [Channel manager on controller 0]: Controller 0 trying to connect to broker 0 (kafka.controller.ControllerChannelManager)
[2023-11-27 19:56:10,061] INFO [RequestSendThread controllerId=0] Starting (kafka.controller.RequestSendThread)
[2023-11-27 19:56:10,062] INFO [Controller id=0] Currently active brokers in the cluster: Set(0) (kafka.controller.KafkaController)
[2023-11-27 19:56:10,062] INFO [Controller id=0] Currently shutting brokers in the cluster: HashSet() (kafka.controller.KafkaController)
[2023-11-27 19:56:10,063] INFO [Controller id=0] Current list of topics in the cluster: HashSet() (kafka.controller.KafkaController)
[2023-11-27 19:56:10,063] INFO [Controller id=0] Fetching topic deletions in progress (kafka.controller.KafkaController)
[2023-11-27 19:56:10,065] INFO [Controller id=0] List of topics to be deleted:  (kafka.controller.KafkaController)
[2023-11-27 19:56:10,065] INFO [Controller id=0] List of topics ineligible for deletion:  (kafka.controller.KafkaController)
[2023-11-27 19:56:10,066] INFO [Controller id=0] Initializing topic deletion manager (kafka.controller.KafkaController)
[2023-11-27 19:56:10,066] INFO [Topic Deletion Manager 0] Initializing manager with initial deletions: Set(), initial ineligible deletions: HashSet() (kafka.controller.TopicDeletionManager)
[2023-11-27 19:56:10,067] INFO [Controller id=0] Sending update metadata request (kafka.controller.KafkaController)
[2023-11-27 19:56:10,076] INFO [ReplicaStateMachine controllerId=0] Initializing replica state (kafka.controller.ZkReplicaStateMachine)
[2023-11-27 19:56:10,077] INFO [ReplicaStateMachine controllerId=0] Triggering online replica state changes (kafka.controller.ZkReplicaStateMachine)
[2023-11-27 19:56:10,084] INFO [ReplicaStateMachine controllerId=0] Triggering offline replica state changes (kafka.controller.ZkReplicaStateMachine)
[2023-11-27 19:56:10,084] DEBUG [ReplicaStateMachine controllerId=0] Started replica state machine with initial state -> HashMap() (kafka.controller.ZkReplicaStateMachine)
[2023-11-27 19:56:10,084] INFO [PartitionStateMachine controllerId=0] Initializing partition state (kafka.controller.ZkPartitionStateMachine)
[2023-11-27 19:56:10,085] INFO [PartitionStateMachine controllerId=0] Triggering online partition state changes (kafka.controller.ZkPartitionStateMachine)
[2023-11-27 19:56:10,087] DEBUG [PartitionStateMachine controllerId=0] Started partition state machine with initial state -> HashMap() (kafka.controller.ZkPartitionStateMachine)
[2023-11-27 19:56:10,087] INFO [Controller id=0] Ready to serve as the new controller with epoch 1 (kafka.controller.KafkaController)
[2023-11-27 19:56:10,092] INFO [Controller id=0] Partitions undergoing preferred replica election:  (kafka.controller.KafkaController)
[2023-11-27 19:56:10,092] INFO [Controller id=0] Partitions that completed preferred replica election:  (kafka.controller.KafkaController)
[2023-11-27 19:56:10,093] INFO [Controller id=0] Skipping preferred replica election for partitions due to topic deletion:  (kafka.controller.KafkaController)
[2023-11-27 19:56:10,093] INFO [Controller id=0] Resuming preferred replica election for partitions:  (kafka.controller.KafkaController)
[2023-11-27 19:56:10,094] INFO [Controller id=0] Starting replica leader election (PREFERRED) for partitions  triggered by ZkTriggered (kafka.controller.KafkaController)
[2023-11-27 19:56:10,106] INFO [Controller id=0] Starting the controller scheduler (kafka.controller.KafkaController)
[2023-11-27 19:56:10,585] INFO [RequestSendThread controllerId=0] Controller 0 connected to fran:9092 (id: 0 rack: null) for sending state change requests (kafka.controller.RequestSendThread)
[2023-11-27 19:56:15,114] INFO [Controller id=0] Processing automatic preferred replica leader election (kafka.controller.KafkaController)
[2023-11-27 19:56:15,114] TRACE [Controller id=0] Checking need to trigger auto leader balancing (kafka.controller.KafkaController)
